<?xml version="1.0" encoding="UTF-8" ?>
<testsuite failures="0" time="0.013" errors="0" skipped="0" tests="1" name="com.esbqualificationtool.AppTest">
  <properties>
    <property name="java.vendor" value="Sun Microsystems Inc."/>
    <property name="localRepository" value="/root/.m2/repository"/>
    <property name="sun.java.launcher" value="SUN_STANDARD"/>
    <property name="sun.management.compiler" value="HotSpot Client Compiler"/>
    <property name="env.SUDO_COMMAND" value="/bin/sh /opt/OpenESB/GlassFishESBv22/netbeans/bin/netbeans"/>
    <property name="os.name" value="Linux"/>
    <property name="sun.boot.class.path" value="/usr/java/jdk1.6.0_45/jre/lib/resources.jar:/usr/java/jdk1.6.0_45/jre/lib/rt.jar:/usr/java/jdk1.6.0_45/jre/lib/sunrsasign.jar:/usr/java/jdk1.6.0_45/jre/lib/jsse.jar:/usr/java/jdk1.6.0_45/jre/lib/jce.jar:/usr/java/jdk1.6.0_45/jre/lib/charsets.jar:/usr/java/jdk1.6.0_45/jre/lib/modules/jdk.boot.jar:/usr/java/jdk1.6.0_45/jre/classes"/>
    <property name="env.PWD" value="/home/ubuntu"/>
    <property name="env.LANG" value="en_US.UTF-8"/>
    <property name="java.vm.specification.vendor" value="Sun Microsystems Inc."/>
    <property name="java.runtime.version" value="1.6.0_45-b06"/>
    <property name="env.DISPLAY" value=":0"/>
    <property name="user.name" value="root"/>
    <property name="env._" value="/usr/java/jdk1.6.0_45/bin/java"/>
    <property name="env.USER" value="root"/>
    <property name="env.SHELL" value="/bin/bash"/>
    <property name="env.NLSPATH" value="/usr/dt/lib/nls/msg/%L/%N.cat"/>
    <property name="nb.show.statistics.ui" value="usageStatisticsEnabled"/>
    <property name="env.PATH" value="/usr/local/sbin:/usr/local/bin:/usr/sbin:/usr/bin:/sbin:/bin"/>
    <property name="user.language" value="en"/>
    <property name="sun.boot.library.path" value="/usr/java/jdk1.6.0_45/jre/lib/i386"/>
    <property name="java.version" value="1.6.0_45"/>
    <property name="user.timezone" value="Europe/Rome"/>
    <property name="sun.arch.data.model" value="32"/>
    <property name="java.endorsed.dirs" value="/usr/java/jdk1.6.0_45/jre/lib/endorsed"/>
    <property name="com.sun.aas.installRoot" value="/opt/OpenESB/GlassFishESBv22/glassfish"/>
    <property name="sun.cpu.isalist" value=""/>
    <property name="sun.jnu.encoding" value="UTF-8"/>
    <property name="file.encoding.pkg" value="sun.io"/>
    <property name="env.SHLVL" value="1"/>
    <property name="file.separator" value="/"/>
    <property name="java.specification.name" value="Java Platform API Specification"/>
    <property name="java.class.version" value="50.0"/>
    <property name="user.country" value="US"/>
    <property name="java.home" value="/usr/java/jdk1.6.0_45/jre"/>
    <property name="java.vm.info" value="mixed mode, sharing"/>
    <property name="nb.registration.enabled" value="false"/>
    <property name="env.LOGNAME" value="root"/>
    <property name="os.version" value="3.2.0-24-generic-pae"/>
    <property name="path.separator" value=":"/>
    <property name="java.vm.version" value="20.45-b01"/>
    <property name="java.awt.printerjob" value="sun.print.PSPrinterJob"/>
    <property name="env.TERM" value="xterm"/>
    <property name="sun.io.unicode.encoding" value="UnicodeLittle"/>
    <property name="env.SUDO_UID" value="1000"/>
    <property name="useJavaUtilZip" value="true"/>
    <property name="user.home" value="/root"/>
    <property name="java.specification.vendor" value="Sun Microsystems Inc."/>
    <property name="apple.laf.useScreenMenuBar" value="true"/>
    <property name="org.xml.sax.driver" value="com.sun.org.apache.xerces.internal.jaxp.SAXParserImpl$JAXPSAXParser"/>
    <property name="java.library.path" value="/usr/java/jdk1.6.0_45/jre/lib/i386/client:/usr/java/jdk1.6.0_45/jre/lib/i386:/usr/java/jdk1.6.0_45/jre/../lib/i386:/usr/java/packages/lib/i386:/lib:/usr/lib"/>
    <property name="java.vendor.url" value="http://java.sun.com/"/>
    <property name="java.vm.vendor" value="Sun Microsystems Inc."/>
    <property name="java.runtime.name" value="Java(TM) SE Runtime Environment"/>
    <property name="netbeans.derby.system.home" value="/opt/OpenESB/GlassFishESBv22/glassfish/databases"/>
    <property name="sun.java.command" value="org.netbeans.Main --userdir /opt/OpenESB/GlassFishESBv22/.netbeans/glassfishesb --branding nb"/>
    <property name="java.class.path" value="/opt/OpenESB/GlassFishESBv22/netbeans/platform10/lib/boot.jar:/opt/OpenESB/GlassFishESBv22/netbeans/platform10/lib/org-openide-modules.jar:/opt/OpenESB/GlassFishESBv22/netbeans/platform10/lib/org-openide-util.jar:/usr/java/jdk1.6.0_45/lib/dt.jar:/usr/java/jdk1.6.0_45/lib/tools.jar"/>
    <property name="sun.java2d.noddraw" value="true"/>
    <property name="env.XFILESEARCHPATH" value="/usr/dt/app-defaults/%L/Dt"/>
    <property name="jdk.home" value="/usr/java/jdk1.6.0_45"/>
    <property name="java.vm.specification.name" value="Java Virtual Machine Specification"/>
    <property name="org.openide.specification.version" value="6.2"/>
    <property name="org.netbeans.core.startup.specialResource" value="nullcom.sun.jdo.api.persistence.mapping.ejb"/>
    <property name="java.vm.specification.version" value="1.0"/>
    <property name="sun.cpu.endian" value="little"/>
    <property name="sun.os.patch.level" value="unknown"/>
    <property name="env.HOME" value="/home/ubuntu"/>
    <property name="surefire.test.class.path" value="/home/ubuntu/Programmation/SOA_ESB/SOA_ESBQualificationTool/ESBQualificationTool/target/test-classes:/home/ubuntu/Programmation/SOA_ESB/SOA_ESBQualificationTool/ESBQualificationTool/target/classes:/root/.m2/repository/junit/junit/3.8.1/junit-3.8.1.jar:/root/.m2/repository/org/elasticsearch/elasticsearch/1.0.0/elasticsearch-1.0.0.jar:/root/.m2/repository/org/apache/lucene/lucene-core/4.6.1/lucene-core-4.6.1.jar:/root/.m2/repository/org/apache/lucene/lucene-analyzers-common/4.6.1/lucene-analyzers-common-4.6.1.jar:/root/.m2/repository/org/apache/lucene/lucene-codecs/4.6.1/lucene-codecs-4.6.1.jar:/root/.m2/repository/org/apache/lucene/lucene-queries/4.6.1/lucene-queries-4.6.1.jar:/root/.m2/repository/org/apache/lucene/lucene-memory/4.6.1/lucene-memory-4.6.1.jar:/root/.m2/repository/org/apache/lucene/lucene-highlighter/4.6.1/lucene-highlighter-4.6.1.jar:/root/.m2/repository/org/apache/lucene/lucene-queryparser/4.6.1/lucene-queryparser-4.6.1.jar:/root/.m2/repository/org/apache/lucene/lucene-sandbox/4.6.1/lucene-sandbox-4.6.1.jar:/root/.m2/repository/org/apache/lucene/lucene-suggest/4.6.1/lucene-suggest-4.6.1.jar:/root/.m2/repository/org/apache/lucene/lucene-misc/4.6.1/lucene-misc-4.6.1.jar:/root/.m2/repository/org/apache/lucene/lucene-join/4.6.1/lucene-join-4.6.1.jar:/root/.m2/repository/org/apache/lucene/lucene-grouping/4.6.1/lucene-grouping-4.6.1.jar:/root/.m2/repository/org/apache/lucene/lucene-spatial/4.6.1/lucene-spatial-4.6.1.jar:/root/.m2/repository/com/spatial4j/spatial4j/0.3/spatial4j-0.3.jar:"/>
    <property name="env.LS_COLORS" value="rs=0:di=01;34:ln=01;36:mh=00:pi=40;33:so=01;35:do=01;35:bd=40;33;01:cd=40;33;01:or=40;31;01:su=37;41:sg=30;43:ca=30;41:tw=30;42:ow=34;42:st=37;44:ex=01;32:*.tar=01;31:*.tgz=01;31:*.arj=01;31:*.taz=01;31:*.lzh=01;31:*.lzma=01;31:*.tlz=01;31:*.txz=01;31:*.zip=01;31:*.z=01;31:*.Z=01;31:*.dz=01;31:*.gz=01;31:*.lz=01;31:*.xz=01;31:*.bz2=01;31:*.bz=01;31:*.tbz=01;31:*.tbz2=01;31:*.tz=01;31:*.deb=01;31:*.rpm=01;31:*.jar=01;31:*.war=01;31:*.ear=01;31:*.sar=01;31:*.rar=01;31:*.ace=01;31:*.zoo=01;31:*.cpio=01;31:*.7z=01;31:*.rz=01;31:*.jpg=01;35:*.jpeg=01;35:*.gif=01;35:*.bmp=01;35:*.pbm=01;35:*.pgm=01;35:*.ppm=01;35:*.tga=01;35:*.xbm=01;35:*.xpm=01;35:*.tif=01;35:*.tiff=01;35:*.png=01;35:*.svg=01;35:*.svgz=01;35:*.mng=01;35:*.pcx=01;35:*.mov=01;35:*.mpg=01;35:*.mpeg=01;35:*.m2v=01;35:*.mkv=01;35:*.webm=01;35:*.ogm=01;35:*.mp4=01;35:*.m4v=01;35:*.mp4v=01;35:*.vob=01;35:*.qt=01;35:*.nuv=01;35:*.wmv=01;35:*.asf=01;35:*.rm=01;35:*.rmvb=01;35:*.flc=01;35:*.avi=01;35:*.fli=01;35:*.flv=01;35:*.gl=01;35:*.dl=01;35:*.xcf=01;35:*.xwd=01;35:*.yuv=01;35:*.cgm=01;35:*.emf=01;35:*.axv=01;35:*.anx=01;35:*.ogv=01;35:*.ogx=01;35:*.aac=00;36:*.au=00;36:*.flac=00;36:*.mid=00;36:*.midi=00;36:*.mka=00;36:*.mp3=00;36:*.mpc=00;36:*.ogg=00;36:*.ra=00;36:*.wav=00;36:*.axa=00;36:*.oga=00;36:*.spx=00;36:*.xspf=00;36:"/>
    <property name="java.io.tmpdir" value="/tmp"/>
    <property name="env.LD_LIBRARY_PATH" value="/usr/java/jdk1.6.0_45/jre/lib/i386/client:/usr/java/jdk1.6.0_45/jre/lib/i386:/usr/java/jdk1.6.0_45/jre/../lib/i386"/>
    <property name="java.vendor.url.bug" value="http://java.sun.com/cgi-bin/bugreport.cgi"/>
    <property name="jna.platform.library.path" value="/usr/lib:/lib"/>
    <property name="java.awt.graphicsenv" value="sun.awt.X11GraphicsEnvironment"/>
    <property name="os.arch" value="i386"/>
    <property name="java.ext.dirs" value="/usr/java/jdk1.6.0_45/jre/lib/ext:/usr/java/packages/lib/ext"/>
    <property name="user.dir" value="/home/ubuntu/Programmation/SOA_ESB/SOA_ESBQualificationTool/ESBQualificationTool"/>
    <property name="env.SUDO_USER" value="ubuntu"/>
    <property name="env.XAUTHORITY" value="/home/ubuntu/.Xauthority"/>
    <property name="env.J2D_PIXMAPS" value="shared"/>
    <property name="line.separator" value="
"/>
    <property name="java.vm.name" value="Java HotSpot(TM) Client VM"/>
    <property name="env.COLORTERM" value="gnome-terminal"/>
    <property name="org.apache.commons.logging.Log" value="org.apache.commons.logging.impl.NoOpLog"/>
    <property name="basedir" value="/home/ubuntu/Programmation/SOA_ESB/SOA_ESBQualificationTool/ESBQualificationTool"/>
    <property name="maven.mode.standalone" value="true"/>
    <property name="env.USERNAME" value="root"/>
    <property name="file.encoding" value="UTF-8"/>
    <property name="env.MAIL" value="/var/mail/root"/>
    <property name="netbeans.execution" value="true"/>
    <property name="env.SUDO_GID" value="1000"/>
    <property name="java.specification.version" value="1.6"/>
  </properties>
  <testcase time="0.002" classname="com.esbqualificationtool.AppTest" name="testApp"/>
</testsuite>